<?xml version="1.0" encoding="UTF-8"?>
<!-- Generated by org.testng.reporters.JUnitReportReporter -->
<testsuite hostname="DESKTOP-SP0SKLB" name="org.mmu.g4sm.qa.at.tests.roles.CurriculumReadTestSuite1" tests="4" failures="4" timestamp="6 Mar 2018 17:38:42 GMT" time="12.760" errors="0">
  <testcase name="CurricReadSmokeTest_roles_CurriculumReadTestSuite1" time="4.920" classname="org.mmu.g4sm.qa.at.tests.roles.CurriculumReadTestSuite1">
    <failure type="java.lang.AssertionError" message="Unable to login to U4SM">
      <![CDATA[java.lang.AssertionError: Unable to login to U4SM
	at org.testng.Assert.fail(Assert.java:94)
	at org.mmu.g4sm.qa.at.tests.roles.CurriculumReadTestSuite1.loginToU4smWithUserNameAndPassword(CurriculumReadTestSuite1.java:312)
	at org.mmu.g4sm.qa.at.tests.roles.CurriculumReadTestSuite1.CurricReadSmokeTest_roles_CurriculumReadTestSuite1(CurriculumReadTestSuite1.java:87)
	at sun.reflect.NativeMethodAccessorImpl.invoke0(Native Method)
	at sun.reflect.NativeMethodAccessorImpl.invoke(Unknown Source)
	at sun.reflect.DelegatingMethodAccessorImpl.invoke(Unknown Source)
	at java.lang.reflect.Method.invoke(Unknown Source)
	at org.testng.internal.MethodInvocationHelper.invokeMethod(MethodInvocationHelper.java:86)
	at org.testng.internal.Invoker.invokeMethod(Invoker.java:643)
	at org.testng.internal.Invoker.invokeTestMethod(Invoker.java:820)
	at org.testng.internal.Invoker.invokeTestMethods(Invoker.java:1128)
	at org.testng.internal.TestMethodWorker.invokeTestMethods(TestMethodWorker.java:129)
	at org.testng.internal.TestMethodWorker.run(TestMethodWorker.java:112)
	at org.testng.TestRunner.privateRun(TestRunner.java:782)
	at org.testng.TestRunner.run(TestRunner.java:632)
	at org.testng.SuiteRunner.runTest(SuiteRunner.java:366)
	at org.testng.SuiteRunner.runSequentially(SuiteRunner.java:361)
	at org.testng.SuiteRunner.privateRun(SuiteRunner.java:319)
	at org.testng.SuiteRunner.run(SuiteRunner.java:268)
	at org.testng.SuiteRunnerWorker.runSuite(SuiteRunnerWorker.java:52)
	at org.testng.SuiteRunnerWorker.run(SuiteRunnerWorker.java:86)
	at org.testng.TestNG.runSuitesSequentially(TestNG.java:1244)
	at org.testng.TestNG.runSuitesLocally(TestNG.java:1169)
	at org.testng.TestNG.run(TestNG.java:1064)
	at org.testng.remote.AbstractRemoteTestNG.run(AbstractRemoteTestNG.java:114)
	at org.testng.remote.RemoteTestNG.initAndRun(RemoteTestNG.java:251)
	at org.testng.remote.RemoteTestNG.main(RemoteTestNG.java:77)
]]>
    </failure>
  </testcase> <!-- CurricReadSmokeTest_roles_CurriculumReadTestSuite1 -->
  <testcase name="CurricReadSmokeTest_roles_CurriculumReadTestSuite1" time="2.549" classname="org.mmu.g4sm.qa.at.tests.roles.CurriculumReadTestSuite1">
    <failure type="java.lang.AssertionError" message="Unable to login to U4SM">
      <![CDATA[java.lang.AssertionError: Unable to login to U4SM
	at org.testng.Assert.fail(Assert.java:94)
	at org.mmu.g4sm.qa.at.tests.roles.CurriculumReadTestSuite1.loginToU4smWithUserNameAndPassword(CurriculumReadTestSuite1.java:312)
	at org.mmu.g4sm.qa.at.tests.roles.CurriculumReadTestSuite1.CurricReadSmokeTest_roles_CurriculumReadTestSuite1(CurriculumReadTestSuite1.java:87)
	at sun.reflect.NativeMethodAccessorImpl.invoke0(Native Method)
	at sun.reflect.NativeMethodAccessorImpl.invoke(Unknown Source)
	at sun.reflect.DelegatingMethodAccessorImpl.invoke(Unknown Source)
	at java.lang.reflect.Method.invoke(Unknown Source)
	at org.testng.internal.MethodInvocationHelper.invokeMethod(MethodInvocationHelper.java:86)
	at org.testng.internal.Invoker.invokeMethod(Invoker.java:643)
	at org.testng.internal.Invoker.invokeTestMethod(Invoker.java:820)
	at org.testng.internal.Invoker.invokeTestMethods(Invoker.java:1128)
	at org.testng.internal.TestMethodWorker.invokeTestMethods(TestMethodWorker.java:129)
	at org.testng.internal.TestMethodWorker.run(TestMethodWorker.java:112)
	at org.testng.TestRunner.privateRun(TestRunner.java:782)
	at org.testng.TestRunner.run(TestRunner.java:632)
	at org.testng.SuiteRunner.runTest(SuiteRunner.java:366)
	at org.testng.SuiteRunner.runSequentially(SuiteRunner.java:361)
	at org.testng.SuiteRunner.privateRun(SuiteRunner.java:319)
	at org.testng.SuiteRunner.run(SuiteRunner.java:268)
	at org.testng.SuiteRunnerWorker.runSuite(SuiteRunnerWorker.java:52)
	at org.testng.SuiteRunnerWorker.run(SuiteRunnerWorker.java:86)
	at org.testng.TestNG.runSuitesSequentially(TestNG.java:1244)
	at org.testng.TestNG.runSuitesLocally(TestNG.java:1169)
	at org.testng.TestNG.run(TestNG.java:1064)
	at org.testng.remote.AbstractRemoteTestNG.run(AbstractRemoteTestNG.java:114)
	at org.testng.remote.RemoteTestNG.initAndRun(RemoteTestNG.java:251)
	at org.testng.remote.RemoteTestNG.main(RemoteTestNG.java:77)
]]>
    </failure>
  </testcase> <!-- CurricReadSmokeTest_roles_CurriculumReadTestSuite1 -->
  <testcase name="CurricReadSmokeTest_roles_CurriculumReadTestSuite1" time="2.642" classname="org.mmu.g4sm.qa.at.tests.roles.CurriculumReadTestSuite1">
    <failure type="java.lang.AssertionError" message="Unable to login to U4SM">
      <![CDATA[java.lang.AssertionError: Unable to login to U4SM
	at org.testng.Assert.fail(Assert.java:94)
	at org.mmu.g4sm.qa.at.tests.roles.CurriculumReadTestSuite1.loginToU4smWithUserNameAndPassword(CurriculumReadTestSuite1.java:312)
	at org.mmu.g4sm.qa.at.tests.roles.CurriculumReadTestSuite1.CurricReadSmokeTest_roles_CurriculumReadTestSuite1(CurriculumReadTestSuite1.java:87)
	at sun.reflect.NativeMethodAccessorImpl.invoke0(Native Method)
	at sun.reflect.NativeMethodAccessorImpl.invoke(Unknown Source)
	at sun.reflect.DelegatingMethodAccessorImpl.invoke(Unknown Source)
	at java.lang.reflect.Method.invoke(Unknown Source)
	at org.testng.internal.MethodInvocationHelper.invokeMethod(MethodInvocationHelper.java:86)
	at org.testng.internal.Invoker.invokeMethod(Invoker.java:643)
	at org.testng.internal.Invoker.invokeTestMethod(Invoker.java:820)
	at org.testng.internal.Invoker.invokeTestMethods(Invoker.java:1128)
	at org.testng.internal.TestMethodWorker.invokeTestMethods(TestMethodWorker.java:129)
	at org.testng.internal.TestMethodWorker.run(TestMethodWorker.java:112)
	at org.testng.TestRunner.privateRun(TestRunner.java:782)
	at org.testng.TestRunner.run(TestRunner.java:632)
	at org.testng.SuiteRunner.runTest(SuiteRunner.java:366)
	at org.testng.SuiteRunner.runSequentially(SuiteRunner.java:361)
	at org.testng.SuiteRunner.privateRun(SuiteRunner.java:319)
	at org.testng.SuiteRunner.run(SuiteRunner.java:268)
	at org.testng.SuiteRunnerWorker.runSuite(SuiteRunnerWorker.java:52)
	at org.testng.SuiteRunnerWorker.run(SuiteRunnerWorker.java:86)
	at org.testng.TestNG.runSuitesSequentially(TestNG.java:1244)
	at org.testng.TestNG.runSuitesLocally(TestNG.java:1169)
	at org.testng.TestNG.run(TestNG.java:1064)
	at org.testng.remote.AbstractRemoteTestNG.run(AbstractRemoteTestNG.java:114)
	at org.testng.remote.RemoteTestNG.initAndRun(RemoteTestNG.java:251)
	at org.testng.remote.RemoteTestNG.main(RemoteTestNG.java:77)
]]>
    </failure>
  </testcase> <!-- CurricReadSmokeTest_roles_CurriculumReadTestSuite1 -->
  <testcase name="CurricReadSmokeTest_roles_CurriculumReadTestSuite1" time="2.649" classname="org.mmu.g4sm.qa.at.tests.roles.CurriculumReadTestSuite1">
    <failure type="java.lang.AssertionError" message="Unable to login to U4SM">
      <![CDATA[java.lang.AssertionError: Unable to login to U4SM
	at org.testng.Assert.fail(Assert.java:94)
	at org.mmu.g4sm.qa.at.tests.roles.CurriculumReadTestSuite1.loginToU4smWithUserNameAndPassword(CurriculumReadTestSuite1.java:312)
	at org.mmu.g4sm.qa.at.tests.roles.CurriculumReadTestSuite1.CurricReadSmokeTest_roles_CurriculumReadTestSuite1(CurriculumReadTestSuite1.java:87)
	at sun.reflect.NativeMethodAccessorImpl.invoke0(Native Method)
	at sun.reflect.NativeMethodAccessorImpl.invoke(Unknown Source)
	at sun.reflect.DelegatingMethodAccessorImpl.invoke(Unknown Source)
	at java.lang.reflect.Method.invoke(Unknown Source)
	at org.testng.internal.MethodInvocationHelper.invokeMethod(MethodInvocationHelper.java:86)
	at org.testng.internal.Invoker.invokeMethod(Invoker.java:643)
	at org.testng.internal.Invoker.invokeTestMethod(Invoker.java:820)
	at org.testng.internal.Invoker.invokeTestMethods(Invoker.java:1128)
	at org.testng.internal.TestMethodWorker.invokeTestMethods(TestMethodWorker.java:129)
	at org.testng.internal.TestMethodWorker.run(TestMethodWorker.java:112)
	at org.testng.TestRunner.privateRun(TestRunner.java:782)
	at org.testng.TestRunner.run(TestRunner.java:632)
	at org.testng.SuiteRunner.runTest(SuiteRunner.java:366)
	at org.testng.SuiteRunner.runSequentially(SuiteRunner.java:361)
	at org.testng.SuiteRunner.privateRun(SuiteRunner.java:319)
	at org.testng.SuiteRunner.run(SuiteRunner.java:268)
	at org.testng.SuiteRunnerWorker.runSuite(SuiteRunnerWorker.java:52)
	at org.testng.SuiteRunnerWorker.run(SuiteRunnerWorker.java:86)
	at org.testng.TestNG.runSuitesSequentially(TestNG.java:1244)
	at org.testng.TestNG.runSuitesLocally(TestNG.java:1169)
	at org.testng.TestNG.run(TestNG.java:1064)
	at org.testng.remote.AbstractRemoteTestNG.run(AbstractRemoteTestNG.java:114)
	at org.testng.remote.RemoteTestNG.initAndRun(RemoteTestNG.java:251)
	at org.testng.remote.RemoteTestNG.main(RemoteTestNG.java:77)
]]>
    </failure>
  </testcase> <!-- CurricReadSmokeTest_roles_CurriculumReadTestSuite1 -->
</testsuite> <!-- org.mmu.g4sm.qa.at.tests.roles.CurriculumReadTestSuite1 -->
