<?xml version="1.0" encoding="UTF-8"?>
<!-- Generated by org.testng.reporters.JUnitReportReporter -->
<testsuite hostname="DESKTOP-SP0SKLB" name="org.mmu.g4sm.qa.at.tests.roles.CurriculumReadTestSuite" tests="18" failures="2" timestamp="27 Mar 2018 08:22:41 GMT" time="352.569" errors="0">
  <testcase name="CurricReadSmokeTest_roles_CurriculumReadTestSuite" time="13.766" classname="org.mmu.g4sm.qa.at.tests.roles.CurriculumReadTestSuite"/>
  <testcase name="CurricReadSmokeTest_roles_CurriculumReadTestSuite" time="14.762" classname="org.mmu.g4sm.qa.at.tests.roles.CurriculumReadTestSuite"/>
  <testcase name="CurricReadSmokeTest_roles_CurriculumReadTestSuite" time="26.472" classname="org.mmu.g4sm.qa.at.tests.roles.CurriculumReadTestSuite"/>
  <testcase name="CurricReadSmokeTest_roles_CurriculumReadTestSuite" time="15.542" classname="org.mmu.g4sm.qa.at.tests.roles.CurriculumReadTestSuite"/>
  <testcase name="CurricReadSmokeTest_roles_CurriculumReadTestSuite" time="13.668" classname="org.mmu.g4sm.qa.at.tests.roles.CurriculumReadTestSuite"/>
  <testcase name="CurricReadSmokeTest_roles_CurriculumReadTestSuite" time="14.301" classname="org.mmu.g4sm.qa.at.tests.roles.CurriculumReadTestSuite"/>
  <testcase name="CurricReadSmokeTest_roles_CurriculumReadTestSuite" time="13.849" classname="org.mmu.g4sm.qa.at.tests.roles.CurriculumReadTestSuite"/>
  <testcase name="CurricReadSmokeTest_roles_CurriculumReadTestSuite" time="15.578" classname="org.mmu.g4sm.qa.at.tests.roles.CurriculumReadTestSuite"/>
  <testcase name="CurricReadSmokeTest_roles_CurriculumReadTestSuite" time="42.537" classname="org.mmu.g4sm.qa.at.tests.roles.CurriculumReadTestSuite">
    <failure type="java.lang.AssertionError" message="Search results is not displayed">
      <![CDATA[java.lang.AssertionError: Search results is not displayed
	at org.testng.Assert.fail(Assert.java:94)
	at org.mmu.g4sm.qa.at.tests.roles.CurriculumReadTestSuite.CurricReadSmokeTest_roles_CurriculumReadTestSuite(CurriculumReadTestSuite.java:105)
	at sun.reflect.NativeMethodAccessorImpl.invoke0(Native Method)
	at sun.reflect.NativeMethodAccessorImpl.invoke(Unknown Source)
	at sun.reflect.DelegatingMethodAccessorImpl.invoke(Unknown Source)
	at java.lang.reflect.Method.invoke(Unknown Source)
	at org.testng.internal.MethodInvocationHelper.invokeMethod(MethodInvocationHelper.java:86)
	at org.testng.internal.Invoker.invokeMethod(Invoker.java:643)
	at org.testng.internal.Invoker.invokeTestMethod(Invoker.java:820)
	at org.testng.internal.Invoker.invokeTestMethods(Invoker.java:1128)
	at org.testng.internal.TestMethodWorker.invokeTestMethods(TestMethodWorker.java:129)
	at org.testng.internal.TestMethodWorker.run(TestMethodWorker.java:112)
	at org.testng.TestRunner.privateRun(TestRunner.java:782)
	at org.testng.TestRunner.run(TestRunner.java:632)
	at org.testng.SuiteRunner.runTest(SuiteRunner.java:366)
	at org.testng.SuiteRunner.runSequentially(SuiteRunner.java:361)
	at org.testng.SuiteRunner.privateRun(SuiteRunner.java:319)
	at org.testng.SuiteRunner.run(SuiteRunner.java:268)
	at org.testng.SuiteRunnerWorker.runSuite(SuiteRunnerWorker.java:52)
	at org.testng.SuiteRunnerWorker.run(SuiteRunnerWorker.java:86)
	at org.testng.TestNG.runSuitesSequentially(TestNG.java:1244)
	at org.testng.TestNG.runSuitesLocally(TestNG.java:1169)
	at org.testng.TestNG.run(TestNG.java:1064)
	at org.testng.remote.AbstractRemoteTestNG.run(AbstractRemoteTestNG.java:114)
	at org.testng.remote.RemoteTestNG.initAndRun(RemoteTestNG.java:251)
	at org.testng.remote.RemoteTestNG.main(RemoteTestNG.java:77)
]]>
    </failure>
  </testcase> <!-- CurricReadSmokeTest_roles_CurriculumReadTestSuite -->
  <testcase name="CurricReadSmokeTest_roles_CurriculumReadTestSuite" time="21.457" classname="org.mmu.g4sm.qa.at.tests.roles.CurriculumReadTestSuite"/>
  <testcase name="CurricReadSmokeTest_roles_CurriculumReadTestSuite" time="20.326" classname="org.mmu.g4sm.qa.at.tests.roles.CurriculumReadTestSuite"/>
  <testcase name="CurricReadSmokeTest_roles_CurriculumReadTestSuite" time="14.109" classname="org.mmu.g4sm.qa.at.tests.roles.CurriculumReadTestSuite"/>
  <testcase name="CurricReadSmokeTest_roles_CurriculumReadTestSuite" time="40.683" classname="org.mmu.g4sm.qa.at.tests.roles.CurriculumReadTestSuite">
    <failure type="java.lang.AssertionError" message="Search results is not displayed">
      <![CDATA[java.lang.AssertionError: Search results is not displayed
	at org.testng.Assert.fail(Assert.java:94)
	at org.mmu.g4sm.qa.at.tests.roles.CurriculumReadTestSuite.CurricReadSmokeTest_roles_CurriculumReadTestSuite(CurriculumReadTestSuite.java:105)
	at sun.reflect.NativeMethodAccessorImpl.invoke0(Native Method)
	at sun.reflect.NativeMethodAccessorImpl.invoke(Unknown Source)
	at sun.reflect.DelegatingMethodAccessorImpl.invoke(Unknown Source)
	at java.lang.reflect.Method.invoke(Unknown Source)
	at org.testng.internal.MethodInvocationHelper.invokeMethod(MethodInvocationHelper.java:86)
	at org.testng.internal.Invoker.invokeMethod(Invoker.java:643)
	at org.testng.internal.Invoker.invokeTestMethod(Invoker.java:820)
	at org.testng.internal.Invoker.invokeTestMethods(Invoker.java:1128)
	at org.testng.internal.TestMethodWorker.invokeTestMethods(TestMethodWorker.java:129)
	at org.testng.internal.TestMethodWorker.run(TestMethodWorker.java:112)
	at org.testng.TestRunner.privateRun(TestRunner.java:782)
	at org.testng.TestRunner.run(TestRunner.java:632)
	at org.testng.SuiteRunner.runTest(SuiteRunner.java:366)
	at org.testng.SuiteRunner.runSequentially(SuiteRunner.java:361)
	at org.testng.SuiteRunner.privateRun(SuiteRunner.java:319)
	at org.testng.SuiteRunner.run(SuiteRunner.java:268)
	at org.testng.SuiteRunnerWorker.runSuite(SuiteRunnerWorker.java:52)
	at org.testng.SuiteRunnerWorker.run(SuiteRunnerWorker.java:86)
	at org.testng.TestNG.runSuitesSequentially(TestNG.java:1244)
	at org.testng.TestNG.runSuitesLocally(TestNG.java:1169)
	at org.testng.TestNG.run(TestNG.java:1064)
	at org.testng.remote.AbstractRemoteTestNG.run(AbstractRemoteTestNG.java:114)
	at org.testng.remote.RemoteTestNG.initAndRun(RemoteTestNG.java:251)
	at org.testng.remote.RemoteTestNG.main(RemoteTestNG.java:77)
]]>
    </failure>
  </testcase> <!-- CurricReadSmokeTest_roles_CurriculumReadTestSuite -->
  <testcase name="CurricReadSmokeTest_roles_CurriculumReadTestSuite" time="22.361" classname="org.mmu.g4sm.qa.at.tests.roles.CurriculumReadTestSuite"/>
  <testcase name="CurricReadSmokeTest_roles_CurriculumReadTestSuite" time="13.510" classname="org.mmu.g4sm.qa.at.tests.roles.CurriculumReadTestSuite"/>
  <testcase name="CurricReadSmokeTest_roles_CurriculumReadTestSuite" time="15.823" classname="org.mmu.g4sm.qa.at.tests.roles.CurriculumReadTestSuite"/>
  <testcase name="CurricReadSmokeTest_roles_CurriculumReadTestSuite" time="13.244" classname="org.mmu.g4sm.qa.at.tests.roles.CurriculumReadTestSuite"/>
  <testcase name="CurricReadSmokeTest_roles_CurriculumReadTestSuite" time="20.581" classname="org.mmu.g4sm.qa.at.tests.roles.CurriculumReadTestSuite"/>
</testsuite> <!-- org.mmu.g4sm.qa.at.tests.roles.CurriculumReadTestSuite -->
