<?xml version="1.0" encoding="UTF-8"?>
<!-- Generated by org.testng.reporters.JUnitReportReporter -->
<testsuite hostname="DESKTOP-SP0SKLB" name="org.mmu.g4sm.qa.at.tests.roles.CommunityUpdateTestSuite" tests="27" failures="0" timestamp="14 Mar 2018 13:05:47 GMT" time="1636.087" errors="1">
  <testcase name="CommUpdateSmokeTest_roles_CommunityUpdateTestSuite" time="60.476" classname="org.mmu.g4sm.qa.at.tests.roles.CommunityUpdateTestSuite"/>
  <testcase name="CommUpdateSmokeTest_roles_CommunityUpdateTestSuite" time="59.474" classname="org.mmu.g4sm.qa.at.tests.roles.CommunityUpdateTestSuite"/>
  <testcase name="CommUpdateSmokeTest_roles_CommunityUpdateTestSuite" time="59.563" classname="org.mmu.g4sm.qa.at.tests.roles.CommunityUpdateTestSuite"/>
  <testcase name="CommUpdateSmokeTest_roles_CommunityUpdateTestSuite" time="66.640" classname="org.mmu.g4sm.qa.at.tests.roles.CommunityUpdateTestSuite"/>
  <testcase name="CommUpdateSmokeTest_roles_CommunityUpdateTestSuite" time="59.716" classname="org.mmu.g4sm.qa.at.tests.roles.CommunityUpdateTestSuite"/>
  <testcase name="CommUpdateSmokeTest_roles_CommunityUpdateTestSuite" time="60.264" classname="org.mmu.g4sm.qa.at.tests.roles.CommunityUpdateTestSuite"/>
  <testcase name="CommUpdateSmokeTest_roles_CommunityUpdateTestSuite" time="60.388" classname="org.mmu.g4sm.qa.at.tests.roles.CommunityUpdateTestSuite"/>
  <testcase name="CommUpdateSmokeTest_roles_CommunityUpdateTestSuite" time="61.584" classname="org.mmu.g4sm.qa.at.tests.roles.CommunityUpdateTestSuite"/>
  <testcase name="CommUpdateSmokeTest_roles_CommunityUpdateTestSuite" time="66.490" classname="org.mmu.g4sm.qa.at.tests.roles.CommunityUpdateTestSuite"/>
  <testcase name="CommUpdateSmokeTest_roles_CommunityUpdateTestSuite" time="59.144" classname="org.mmu.g4sm.qa.at.tests.roles.CommunityUpdateTestSuite"/>
  <testcase name="CommUpdateSmokeTest_roles_CommunityUpdateTestSuite" time="60.650" classname="org.mmu.g4sm.qa.at.tests.roles.CommunityUpdateTestSuite"/>
  <testcase name="CommUpdateSmokeTest_roles_CommunityUpdateTestSuite" time="59.754" classname="org.mmu.g4sm.qa.at.tests.roles.CommunityUpdateTestSuite"/>
  <testcase name="CommUpdateSmokeTest_roles_CommunityUpdateTestSuite" time="60.301" classname="org.mmu.g4sm.qa.at.tests.roles.CommunityUpdateTestSuite"/>
  <testcase name="CommUpdateSmokeTest_roles_CommunityUpdateTestSuite" time="62.917" classname="org.mmu.g4sm.qa.at.tests.roles.CommunityUpdateTestSuite"/>
  <testcase name="CommUpdateSmokeTest_roles_CommunityUpdateTestSuite" time="70.836" classname="org.mmu.g4sm.qa.at.tests.roles.CommunityUpdateTestSuite"/>
  <testcase name="CommUpdateSmokeTest_roles_CommunityUpdateTestSuite" time="60.220" classname="org.mmu.g4sm.qa.at.tests.roles.CommunityUpdateTestSuite"/>
  <testcase name="CommUpdateSmokeTest_roles_CommunityUpdateTestSuite" time="59.484" classname="org.mmu.g4sm.qa.at.tests.roles.CommunityUpdateTestSuite"/>
  <testcase name="CommUpdateSmokeTest_roles_CommunityUpdateTestSuite" time="38.507" classname="org.mmu.g4sm.qa.at.tests.roles.CommunityUpdateTestSuite">
    <error type="org.openqa.selenium.WebDriverException" message="java.net.SocketTimeoutException: timeout
Build info: version: &#039;3.9.0&#039;, revision: &#039;698b3178f0&#039;, time: &#039;2018-02-05T14:26:55.441Z&#039;
System info: host: &#039;DESKTOP-SP0SKLB&#039;, ip: &#039;10.185.30.138&#039;, os.name: &#039;Windows 10&#039;, os.arch: &#039;amd64&#039;, os.version: &#039;10.0&#039;, java.version: &#039;1.8.0_161&#039;
Driver info: driver.version: RemoteWebDriver">
      <![CDATA[org.openqa.selenium.WebDriverException: java.net.SocketTimeoutException: timeout
Build info: version: '3.9.0', revision: '698b3178f0', time: '2018-02-05T14:26:55.441Z'
System info: host: 'DESKTOP-SP0SKLB', ip: '10.185.30.138', os.name: 'Windows 10', os.arch: 'amd64', os.version: '10.0', java.version: '1.8.0_161'
Driver info: driver.version: RemoteWebDriver
	at org.openqa.selenium.remote.service.DriverCommandExecutor.execute(DriverCommandExecutor.java:92)
	at org.openqa.selenium.remote.RemoteWebDriver.execute(RemoteWebDriver.java:601)
	at org.openqa.selenium.remote.RemoteWebDriver.findElement(RemoteWebDriver.java:371)
	at org.openqa.selenium.remote.RemoteWebDriver.findElementByXPath(RemoteWebDriver.java:473)
	at org.openqa.selenium.By$ByXPath.findElement(By.java:361)
	at org.openqa.selenium.remote.RemoteWebDriver.findElement(RemoteWebDriver.java:363)
	at org.mmu.g4sm.qa.at.selenium.pages.mainpages.MainPage.clickOnMenuItem(MainPage.java:156)
	at org.mmu.g4sm.qa.at.tests.roles.CommunityUpdateTestSuite.CommUpdateSmokeTest_roles_CommunityUpdateTestSuite(CommunityUpdateTestSuite.java:83)
	at sun.reflect.GeneratedMethodAccessor7.invoke(Unknown Source)
	at sun.reflect.DelegatingMethodAccessorImpl.invoke(Unknown Source)
	at java.lang.reflect.Method.invoke(Unknown Source)
	at org.testng.internal.MethodInvocationHelper.invokeMethod(MethodInvocationHelper.java:86)
	at org.testng.internal.Invoker.invokeMethod(Invoker.java:643)
	at org.testng.internal.Invoker.invokeTestMethod(Invoker.java:820)
	at org.testng.internal.Invoker.invokeTestMethods(Invoker.java:1128)
	at org.testng.internal.TestMethodWorker.invokeTestMethods(TestMethodWorker.java:129)
	at org.testng.internal.TestMethodWorker.run(TestMethodWorker.java:112)
	at org.testng.TestRunner.privateRun(TestRunner.java:782)
	at org.testng.TestRunner.run(TestRunner.java:632)
	at org.testng.SuiteRunner.runTest(SuiteRunner.java:366)
	at org.testng.SuiteRunner.runSequentially(SuiteRunner.java:361)
	at org.testng.SuiteRunner.privateRun(SuiteRunner.java:319)
	at org.testng.SuiteRunner.run(SuiteRunner.java:268)
	at org.testng.SuiteRunnerWorker.runSuite(SuiteRunnerWorker.java:52)
	at org.testng.SuiteRunnerWorker.run(SuiteRunnerWorker.java:86)
	at org.testng.TestNG.runSuitesSequentially(TestNG.java:1244)
	at org.testng.TestNG.runSuitesLocally(TestNG.java:1169)
	at org.testng.TestNG.run(TestNG.java:1064)
	at org.testng.remote.AbstractRemoteTestNG.run(AbstractRemoteTestNG.java:114)
	at org.testng.remote.RemoteTestNG.initAndRun(RemoteTestNG.java:251)
	at org.testng.remote.RemoteTestNG.main(RemoteTestNG.java:77)
Caused by: java.net.SocketTimeoutException: timeout
	at okio.Okio$4.newTimeoutException(Okio.java:230)
	at okio.AsyncTimeout.exit(AsyncTimeout.java:285)
	at okio.AsyncTimeout$2.read(AsyncTimeout.java:241)
	at okio.RealBufferedSource.indexOf(RealBufferedSource.java:345)
	at okio.RealBufferedSource.readUtf8LineStrict(RealBufferedSource.java:217)
	at okhttp3.internal.http1.Http1Codec.readHeaderLine(Http1Codec.java:212)
	at okhttp3.internal.http1.Http1Codec.readResponseHeaders(Http1Codec.java:189)
	at okhttp3.internal.http.CallServerInterceptor.intercept(CallServerInterceptor.java:88)
	at okhttp3.internal.http.RealInterceptorChain.proceed(RealInterceptorChain.java:147)
	at okhttp3.internal.connection.ConnectInterceptor.intercept(ConnectInterceptor.java:45)
	at okhttp3.internal.http.RealInterceptorChain.proceed(RealInterceptorChain.java:147)
	at okhttp3.internal.http.RealInterceptorChain.proceed(RealInterceptorChain.java:121)
	at okhttp3.internal.cache.CacheInterceptor.intercept(CacheInterceptor.java:93)
	at okhttp3.internal.http.RealInterceptorChain.proceed(RealInterceptorChain.java:147)
	at okhttp3.internal.http.RealInterceptorChain.proceed(RealInterceptorChain.java:121)
	at okhttp3.internal.http.BridgeInterceptor.intercept(BridgeInterceptor.java:93)
	at okhttp3.internal.http.RealInterceptorChain.proceed(RealInterceptorChain.java:147)
	at okhttp3.internal.http.RetryAndFollowUpInterceptor.intercept(RetryAndFollowUpInterceptor.java:125)
	at okhttp3.internal.http.RealInterceptorChain.proceed(RealInterceptorChain.java:147)
	at okhttp3.internal.http.RealInterceptorChain.proceed(RealInterceptorChain.java:121)
	at okhttp3.RealCall.getResponseWithInterceptorChain(RealCall.java:200)
	at okhttp3.RealCall.execute(RealCall.java:77)
	at org.openqa.selenium.remote.internal.OkHttpClient.execute(OkHttpClient.java:97)
	at org.openqa.selenium.remote.internal.OkHttpClient.execute(OkHttpClient.java:47)
	at org.openqa.selenium.remote.HttpCommandExecutor.execute(HttpCommandExecutor.java:157)
	at org.openqa.selenium.remote.service.DriverCommandExecutor.execute(DriverCommandExecutor.java:83)
	... 30 more
Caused by: java.net.SocketTimeoutException: Read timed out
	at java.net.SocketInputStream.socketRead0(Native Method)
	at java.net.SocketInputStream.socketRead(Unknown Source)
	at java.net.SocketInputStream.read(Unknown Source)
	at java.net.SocketInputStream.read(Unknown Source)
	at okio.Okio$2.read(Okio.java:139)
	at okio.AsyncTimeout$2.read(AsyncTimeout.java:237)
	... 53 more
]]>
    </error>
  </testcase> <!-- CommUpdateSmokeTest_roles_CommunityUpdateTestSuite -->
  <testcase name="CommUpdateSmokeTest_roles_CommunityUpdateTestSuite" time="59.285" classname="org.mmu.g4sm.qa.at.tests.roles.CommunityUpdateTestSuite"/>
  <testcase name="CommUpdateSmokeTest_roles_CommunityUpdateTestSuite" time="61.715" classname="org.mmu.g4sm.qa.at.tests.roles.CommunityUpdateTestSuite"/>
  <testcase name="CommUpdateSmokeTest_roles_CommunityUpdateTestSuite" time="66.841" classname="org.mmu.g4sm.qa.at.tests.roles.CommunityUpdateTestSuite"/>
  <testcase name="CommUpdateSmokeTest_roles_CommunityUpdateTestSuite" time="62.612" classname="org.mmu.g4sm.qa.at.tests.roles.CommunityUpdateTestSuite"/>
  <testcase name="CommUpdateSmokeTest_roles_CommunityUpdateTestSuite" time="59.772" classname="org.mmu.g4sm.qa.at.tests.roles.CommunityUpdateTestSuite"/>
  <testcase name="CommUpdateSmokeTest_roles_CommunityUpdateTestSuite" time="59.550" classname="org.mmu.g4sm.qa.at.tests.roles.CommunityUpdateTestSuite"/>
  <testcase name="CommUpdateSmokeTest_roles_CommunityUpdateTestSuite" time="59.753" classname="org.mmu.g4sm.qa.at.tests.roles.CommunityUpdateTestSuite"/>
  <testcase name="CommUpdateSmokeTest_roles_CommunityUpdateTestSuite" time="60.370" classname="org.mmu.g4sm.qa.at.tests.roles.CommunityUpdateTestSuite"/>
  <testcase name="CommUpdateSmokeTest_roles_CommunityUpdateTestSuite" time="59.781" classname="org.mmu.g4sm.qa.at.tests.roles.CommunityUpdateTestSuite"/>
</testsuite> <!-- org.mmu.g4sm.qa.at.tests.roles.CommunityUpdateTestSuite -->
